13:10:35 **** Incremental Build of configuration Debug for project 7amoFootball ****
make all 
Building file: ../main.c
Invoking: AVR Compiler
avr-gcc -Wall -g2 -gstabs -O0 -fpack-struct -fshort-enums -ffunction-sections -fdata-sections -std=gnu99 -funsigned-char -funsigned-bitfields -mmcu=atmega32 -DF_CPU=8000000UL -MMD -MP -MF"main.d" -MT"main.o" -c -o "main.o" "../main.c"
In file included from ../main.c:13:
e:/iti/assaf/setups/imt_sdk_win_64/winavr/lib/gcc/../../avr/include/util/delay.h:90:3: warning: #warning "Compiler optimizations disabled; functions from <util/delay.h> won't work as designed"
Finished building: ../main.c
 
Building target: 7amoFootball.elf
Invoking: AVR C Linker
avr-gcc -Wl,-Map,7amoFootball.map -mmcu=atmega32 -o "7amoFootball.elf"  ./DIO_prog.o ./delay_ms_prog.o ./main.o   
Finished building target: 7amoFootball.elf
 
Invoking: AVR Create Extended Listing
avr-objdump -h -S 7amoFootball.elf  >"7amoFootball.lss"
Finished building: 7amoFootball.lss
 
Create Flash image (ihex format)
avr-objcopy -R .eeprom -R .fuse -R .lock -R .signature -O ihex 7amoFootball.elf  "7amoFootball.hex"
Finished building: 7amoFootball.hex
 
Invoking: Print Size
avr-size --format=avr --mcu=atmega32 7amoFootball.elf
AVR Memory Usage
----------------
Device: atmega32

Program:    5518 bytes (16.8% Full)
(.text + .data + .bootloader)

Data:         48 bytes (2.3% Full)
(.data + .bss + .noinit)


Finished building: sizedummy
 

13:10:36 Build Finished (took 1s.267ms)

