22:44:20 **** Incremental Build of configuration Debug for project DIO_V3 ****
make all 
Building file: ../LED_main.c
Invoking: AVR Compiler
avr-gcc -Wall -g2 -gstabs -O0 -fpack-struct -fshort-enums -ffunction-sections -fdata-sections -std=gnu99 -funsigned-char -funsigned-bitfields -mmcu=atmega32 -DF_CPU=8000000UL -MMD -MP -MF"LED_main.d" -MT"LED_main.o" -c -o "LED_main.o" "../LED_main.c"
In file included from ../LED_main.c:9:
e:/iti/assaf/setups/imt_sdk_win_64/winavr/lib/gcc/../../avr/include/util/delay.h:90:3: warning: #warning "Compiler optimizations disabled; functions from <util/delay.h> won't work as designed"
Finished building: ../LED_main.c
 
Building target: DIO_V3.elf
Invoking: AVR C Linker
avr-gcc -Wl,-Map,DIO_V3.map -mmcu=atmega32 -o "DIO_V3.elf"  ./DIO_prog.o ./LED_main.o ./LED_prog.o   
Finished building target: DIO_V3.elf
 
Invoking: AVR Create Extended Listing
avr-objdump -h -S DIO_V3.elf  >"DIO_V3.lss"
Finished building: DIO_V3.lss
 
Create Flash image (ihex format)
avr-objcopy -R .eeprom -R .fuse -R .lock -R .signature -O ihex DIO_V3.elf  "DIO_V3.hex"
Finished building: DIO_V3.hex
 
Invoking: Print Size
avr-size --format=avr --mcu=atmega32 DIO_V3.elf
AVR Memory Usage
----------------
Device: atmega32

Program:    5756 bytes (17.6% Full)
(.text + .data + .bootloader)

Data:          8 bytes (0.4% Full)
(.data + .bss + .noinit)


Finished building: sizedummy
 

22:44:21 Build Finished (took 1s.363ms)

