08:22:45 **** Incremental Build of configuration Debug for project EXT_SWI_DRIVER ****
make all 
Building file: ../main.c
Invoking: AVR Compiler
avr-gcc -Wall -g2 -gstabs -O0 -fpack-struct -fshort-enums -ffunction-sections -fdata-sections -std=gnu99 -funsigned-char -funsigned-bitfields -mmcu=atmega32 -DF_CPU=8000000UL -MMD -MP -MF"main.d" -MT"main.o" -c -o "main.o" "../main.c"
In file included from ../main.c:12:
e:/iti/assaf/setups/imt_sdk_win_64/winavr/lib/gcc/../../avr/include/util/delay.h:90:3: warning: #warning "Compiler optimizations disabled; functions from <util/delay.h> won't work as designed"
Finished building: ../main.c
 
Building target: EXT_SWI_DRIVER.elf
Invoking: AVR C Linker
avr-gcc -Wl,-Map,EXT_SWI_DRIVER.map -mmcu=atmega32 -o "EXT_SWI_DRIVER.elf"  ./DIO_prog.o ./SWI_prog.o ./main.o   
Finished building target: EXT_SWI_DRIVER.elf
 
Invoking: AVR Create Extended Listing
avr-objdump -h -S EXT_SWI_DRIVER.elf  >"EXT_SWI_DRIVER.lss"
Finished building: EXT_SWI_DRIVER.lss
 
Create Flash image (ihex format)
avr-objcopy -R .eeprom -R .fuse -R .lock -R .signature -O ihex EXT_SWI_DRIVER.elf  "EXT_SWI_DRIVER.hex"
Finished building: EXT_SWI_DRIVER.hex
 
Invoking: Print Size
avr-size --format=avr --mcu=atmega32 EXT_SWI_DRIVER.elf
AVR Memory Usage
----------------
Device: atmega32

Program:    2210 bytes (6.7% Full)
(.text + .data + .bootloader)

Data:          4 bytes (0.2% Full)
(.data + .bss + .noinit)


Finished building: sizedummy
 

08:22:46 Build Finished (took 1s.297ms)

