14:34:40 **** Clean-only build of configuration Debug for project 7amok4a_KickFootBall_out ****
make clean 
rm -rf  7amok4a_KickFootBall.hex  ./DIO_prog.o ./delay_ms_prog.o ./main.o  sizedummy  7amok4a_KickFootBall.lss  ./DIO_prog.d ./delay_ms_prog.d ./main.d  7amok4a_KickFootBall.elf
 
14:34:40 **** Build of configuration Debug for project 7amok4a_KickFootBall_out ****
make all 
Building file: ../DIO_prog.c
Invoking: AVR Compiler
avr-gcc -Wall -g2 -gstabs -O0 -fpack-struct -fshort-enums -ffunction-sections -fdata-sections -std=gnu99 -funsigned-char -funsigned-bitfields -mmcu=atmega32 -DF_CPU=8000000UL -MMD -MP -MF"DIO_prog.d" -MT"DIO_prog.o" -c -o "DIO_prog.o" "../DIO_prog.c"
Finished building: ../DIO_prog.c
 
Building file: ../delay_ms_prog.c
Invoking: AVR Compiler
avr-gcc -Wall -g2 -gstabs -O0 -fpack-struct -fshort-enums -ffunction-sections -fdata-sections -std=gnu99 -funsigned-char -funsigned-bitfields -mmcu=atmega32 -DF_CPU=8000000UL -MMD -MP -MF"delay_ms_prog.d" -MT"delay_ms_prog.o" -c -o "delay_ms_prog.o" "../delay_ms_prog.c"
Finished building: ../delay_ms_prog.c
 
Building file: ../main.c
Invoking: AVR Compiler
avr-gcc -Wall -g2 -gstabs -O0 -fpack-struct -fshort-enums -ffunction-sections -fdata-sections -std=gnu99 -funsigned-char -funsigned-bitfields -mmcu=atmega32 -DF_CPU=8000000UL -MMD -MP -MF"main.d" -MT"main.o" -c -o "main.o" "../main.c"
In file included from ../main.c:13:
e:/iti/assaf/setups/imt_sdk_win_64/winavr/lib/gcc/../../avr/include/util/delay.h:90:3: warning: #warning "Compiler optimizations disabled; functions from <util/delay.h> won't work as designed"
Finished building: ../main.c
 
Building target: 7amok4a_KickFootBall_out.elf
Invoking: AVR C Linker
avr-gcc -Wl,-Map,7amok4a_KickFootBall_out.map -mmcu=atmega32 -o "7amok4a_KickFootBall_out.elf"  ./DIO_prog.o ./delay_ms_prog.o ./main.o   
Finished building target: 7amok4a_KickFootBall_out.elf
 
Invoking: AVR Create Extended Listing
avr-objdump -h -S 7amok4a_KickFootBall_out.elf  >"7amok4a_KickFootBall_out.lss"
Finished building: 7amok4a_KickFootBall_out.lss
 
Create Flash image (ihex format)
avr-objcopy -R .eeprom -R .fuse -R .lock -R .signature -O ihex 7amok4a_KickFootBall_out.elf  "7amok4a_KickFootBall_out.hex"
Finished building: 7amok4a_KickFootBall_out.hex
 
Invoking: Print Size
avr-size --format=avr --mcu=atmega32 7amok4a_KickFootBall_out.elf
AVR Memory Usage
----------------
Device: atmega32

Program:    5526 bytes (16.9% Full)
(.text + .data + .bootloader)

Data:         56 bytes (2.7% Full)
(.data + .bss + .noinit)


Finished building: sizedummy
 
