15:34:14 **** Build of configuration Debug for project LED_ShiftTwo ****
make all 
Building file: ../delay.c
Invoking: AVR Compiler
avr-gcc -Wall -g2 -gstabs -O0 -fpack-struct -fshort-enums -ffunction-sections -fdata-sections -std=gnu99 -funsigned-char -funsigned-bitfields -mmcu=atmega32 -DF_CPU=8000000UL -MMD -MP -MF"delay.d" -MT"delay.o" -c -o "delay.o" "../delay.c"
Finished building: ../delay.c
 
Building file: ../main.c
Invoking: AVR Compiler
avr-gcc -Wall -g2 -gstabs -O0 -fpack-struct -fshort-enums -ffunction-sections -fdata-sections -std=gnu99 -funsigned-char -funsigned-bitfields -mmcu=atmega32 -DF_CPU=8000000UL -MMD -MP -MF"main.d" -MT"main.o" -c -o "main.o" "../main.c"
In file included from ../main.c:7:
../ATmega32_Regsiters.h:25:1: warning: "PIND" redefined
../ATmega32_Regsiters.h:21:1: warning: this is the location of the previous definition
Finished building: ../main.c
 
Building target: LED_ShiftTwo.elf
Invoking: AVR C Linker
avr-gcc -Wl,-Map,LED_ShiftTwo.map -mmcu=atmega32 -o "LED_ShiftTwo.elf"  ./delay.o ./main.o   
Finished building target: LED_ShiftTwo.elf
 
Invoking: AVR Create Extended Listing
avr-objdump -h -S LED_ShiftTwo.elf  >"LED_ShiftTwo.lss"
Finished building: LED_ShiftTwo.lss
 
Invoking: Print Size
avr-size --format=avr --mcu=atmega32 LED_ShiftTwo.elf
AVR Memory Usage
----------------
Device: atmega32

Program:    3964 bytes (12.1% Full)
(.text + .data + .bootloader)

Data:        264 bytes (12.9% Full)
(.data + .bss + .noinit)


Finished building: sizedummy
 

15:34:16 Build Finished (took 1s.526ms)

