02:19:51 **** Incremental Build of configuration Debug for project LEDMMAtrixx ****
make all 
Building file: ../main.c
Invoking: AVR Compiler
avr-gcc -Wall -g2 -gstabs -O0 -fpack-struct -fshort-enums -ffunction-sections -fdata-sections -std=gnu99 -funsigned-char -funsigned-bitfields -mmcu=atmega32 -DF_CPU=8000000UL -MMD -MP -MF"main.d" -MT"main.o" -c -o "main.o" "../main.c"
In file included from ../main.c:13:
e:/iti/assaf/setups/imt_sdk_win_64/winavr/lib/gcc/../../avr/include/util/delay.h:90:3: warning: #warning "Compiler optimizations disabled; functions from <util/delay.h> won't work as designed"
Finished building: ../main.c
 
Building target: LEDMMAtrixx.elf
Invoking: AVR C Linker
avr-gcc -Wl,-Map,LEDMMAtrixx.map -mmcu=atmega32 -o "LEDMMAtrixx.elf"  ./DIO_prog.o ./SSD_prog.o ./delay_ms_prog.o ./main.o   
Finished building target: LEDMMAtrixx.elf
 
Invoking: AVR Create Extended Listing
avr-objdump -h -S LEDMMAtrixx.elf  >"LEDMMAtrixx.lss"
Finished building: LEDMMAtrixx.lss
 
Create Flash image (ihex format)
avr-objcopy -R .eeprom -R .fuse -R .lock -R .signature -O ihex LEDMMAtrixx.elf  "LEDMMAtrixx.hex"
Finished building: LEDMMAtrixx.hex
 
Invoking: Print Size
avr-size --format=avr --mcu=atmega32 LEDMMAtrixx.elf
AVR Memory Usage
----------------
Device: atmega32

Program:    6794 bytes (20.7% Full)
(.text + .data + .bootloader)

Data:        322 bytes (15.7% Full)
(.data + .bss + .noinit)


Finished building: sizedummy
 

02:19:52 Build Finished (took 1s.255ms)

