15:31:28 **** Incremental Build of configuration Debug for project SEVEN ****
make all 
Building file: ../main.c
Invoking: AVR Compiler
avr-gcc -Wall -g2 -gstabs -O0 -fpack-struct -fshort-enums -ffunction-sections -fdata-sections -std=gnu99 -funsigned-char -funsigned-bitfields -mmcu=atmega32 -DF_CPU=1000000UL -MMD -MP -MF"main.d" -MT"main.o" -c -o "main.o" "../main.c"
Finished building: ../main.c
 
Building target: SEVEN.elf
Invoking: AVR C Linker
avr-gcc -Wl,-Map,SEVEN.map -mmcu=atmega32 -o "SEVEN.elf"  ./main.o   
Finished building target: SEVEN.elf
 
Invoking: AVR Create Extended Listing
avr-objdump -h -S SEVEN.elf  >"SEVEN.lss"
Finished building: SEVEN.lss
 
Create Flash image (ihex format)
avr-objcopy -R .eeprom -R .fuse -R .lock -R .signature -O ihex SEVEN.elf  "SEVEN.hex"
Finished building: SEVEN.hex
 
Invoking: Print Size
avr-size --format=avr --mcu=atmega32 SEVEN.elf
AVR Memory Usage
----------------
Device: atmega32

Program:     152 bytes (0.5% Full)
(.text + .data + .bootloader)

Data:          0 bytes (0.0% Full)
(.data + .bss + .noinit)


Finished building: sizedummy
 

15:31:30 Build Finished (took 2s.660ms)

