15:34:20 **** Build of configuration Debug for project SEVEN_SEG_TWO_PORTS ****
make all 
Building file: ../main.c
Invoking: AVR Compiler
avr-gcc -Wall -g2 -gstabs -O0 -fpack-struct -fshort-enums -ffunction-sections -fdata-sections -std=gnu99 -funsigned-char -funsigned-bitfields -mmcu=atmega32 -DF_CPU=1000000UL -MMD -MP -MF"main.d" -MT"main.o" -c -o "main.o" "../main.c"
../main.c:2:1: warning: "F_CPU" redefined
<command-line>: warning: this is the location of the previous definition
Finished building: ../main.c
 
Building target: SEVEN_SEG_TWO_PORTS.elf
Invoking: AVR C Linker
avr-gcc -Wl,-Map,SEVEN_SEG_TWO_PORTS.map -mmcu=atmega32 -o "SEVEN_SEG_TWO_PORTS.elf"  ./main.o   
Finished building target: SEVEN_SEG_TWO_PORTS.elf
 
Invoking: AVR Create Extended Listing
avr-objdump -h -S SEVEN_SEG_TWO_PORTS.elf  >"SEVEN_SEG_TWO_PORTS.lss"
Finished building: SEVEN_SEG_TWO_PORTS.lss
 
Create Flash image (ihex format)
avr-objcopy -R .eeprom -R .fuse -R .lock -R .signature -O ihex SEVEN_SEG_TWO_PORTS.elf  "SEVEN_SEG_TWO_PORTS.hex"
Finished building: SEVEN_SEG_TWO_PORTS.hex
 
Invoking: Print Size
avr-size --format=avr --mcu=atmega32 SEVEN_SEG_TWO_PORTS.elf
AVR Memory Usage
----------------
Device: atmega32

Program:     152 bytes (0.5% Full)
(.text + .data + .bootloader)

Data:          0 bytes (0.0% Full)
(.data + .bss + .noinit)


Finished building: sizedummy
 

15:34:21 Build Finished (took 1s.308ms)

