17:05:08 **** Incremental Build of configuration Debug for project SSD_driver_Assaf ****
make all 
Building file: ../SSD_prog.c
Invoking: AVR Compiler
avr-gcc -Wall -g2 -gstabs -O0 -fpack-struct -fshort-enums -ffunction-sections -fdata-sections -std=gnu99 -funsigned-char -funsigned-bitfields -mmcu=atmega32 -DF_CPU=8000000UL -MMD -MP -MF"SSD_prog.d" -MT"SSD_prog.o" -c -o "SSD_prog.o" "../SSD_prog.c"
Finished building: ../SSD_prog.c
 
Building file: ../main.c
Invoking: AVR Compiler
avr-gcc -Wall -g2 -gstabs -O0 -fpack-struct -fshort-enums -ffunction-sections -fdata-sections -std=gnu99 -funsigned-char -funsigned-bitfields -mmcu=atmega32 -DF_CPU=8000000UL -MMD -MP -MF"main.d" -MT"main.o" -c -o "main.o" "../main.c"
In file included from ../main.c:13:
e:/iti/assaf/setups/imt_sdk_win_64/winavr/lib/gcc/../../avr/include/util/delay.h:90:3: warning: #warning "Compiler optimizations disabled; functions from <util/delay.h> won't work as designed"
Finished building: ../main.c
 
Building target: SSD_driver_Assaf.elf
Invoking: AVR C Linker
avr-gcc -Wl,-Map,SSD_driver_Assaf.map -mmcu=atmega32 -o "SSD_driver_Assaf.elf"  ./DIO_prog.o ./SSD_prog.o ./delay_ms_prog.o ./main.o   
Finished building target: SSD_driver_Assaf.elf
 
Invoking: AVR Create Extended Listing
avr-objdump -h -S SSD_driver_Assaf.elf  >"SSD_driver_Assaf.lss"
Finished building: SSD_driver_Assaf.lss
 
Create Flash image (ihex format)
avr-objcopy -R .eeprom -R .fuse -R .lock -R .signature -O ihex SSD_driver_Assaf.elf  "SSD_driver_Assaf.hex"
Finished building: SSD_driver_Assaf.hex
 
Invoking: Print Size
avr-size --format=avr --mcu=atmega32 SSD_driver_Assaf.elf
AVR Memory Usage
----------------
Device: atmega32

Program:    7414 bytes (22.6% Full)
(.text + .data + .bootloader)

Data:        206 bytes (10.1% Full)
(.data + .bss + .noinit)


Finished building: sizedummy
 

17:05:10 Build Finished (took 1s.623ms)

