17:30:02 **** Incremental Build of configuration Debug for project SSD_DRIVER_SnakeGame ****
make all 
Building file: ../main.c
Invoking: AVR Compiler
avr-gcc -Wall -g2 -gstabs -O0 -fpack-struct -fshort-enums -ffunction-sections -fdata-sections -std=gnu99 -funsigned-char -funsigned-bitfields -mmcu=atmega32 -DF_CPU=8000000UL -MMD -MP -MF"main.d" -MT"main.o" -c -o "main.o" "../main.c"
In file included from ../main.c:13:
e:/iti/assaf/setups/imt_sdk_win_64/winavr/lib/gcc/../../avr/include/util/delay.h:90:3: warning: #warning "Compiler optimizations disabled; functions from <util/delay.h> won't work as designed"
Finished building: ../main.c
 
Building target: SSD_DRIVER_SnakeGame.elf
Invoking: AVR C Linker
avr-gcc -Wl,-Map,SSD_DRIVER_SnakeGame.map -mmcu=atmega32 -o "SSD_DRIVER_SnakeGame.elf"  ./DIO_prog.o ./SSD_prog.o ./delay_ms_prog.o ./main.o   
Finished building target: SSD_DRIVER_SnakeGame.elf
 
Invoking: AVR Create Extended Listing
avr-objdump -h -S SSD_DRIVER_SnakeGame.elf  >"SSD_DRIVER_SnakeGame.lss"
Finished building: SSD_DRIVER_SnakeGame.lss
 
Create Flash image (ihex format)
avr-objcopy -R .eeprom -R .fuse -R .lock -R .signature -O ihex SSD_DRIVER_SnakeGame.elf  "SSD_DRIVER_SnakeGame.hex"
Finished building: SSD_DRIVER_SnakeGame.hex
 
Invoking: Print Size
avr-size --format=avr --mcu=atmega32 SSD_DRIVER_SnakeGame.elf
AVR Memory Usage
----------------
Device: atmega32

Program:   10356 bytes (31.6% Full)
(.text + .data + .bootloader)

Data:        290 bytes (14.2% Full)
(.data + .bss + .noinit)


Finished building: sizedummy
 

17:30:04 Build Finished (took 1s.331ms)

