20:22:53 **** Incremental Build of configuration Debug for project SW_Driver ****
make all 
Building file: ../main.c
Invoking: AVR Compiler
avr-gcc -Wall -g2 -gstabs -O0 -fpack-struct -fshort-enums -ffunction-sections -fdata-sections -std=gnu99 -funsigned-char -funsigned-bitfields -mmcu=atmega32 -DF_CPU=8000000UL -MMD -MP -MF"main.d" -MT"main.o" -c -o "main.o" "../main.c"
In file included from ../main.c:11:
e:/iti/assaf/setups/imt_sdk_win_64/winavr/lib/gcc/../../avr/include/util/delay.h:90:3: warning: #warning "Compiler optimizations disabled; functions from <util/delay.h> won't work as designed"
../main.c: In function 'main':
../main.c:17: warning: unused variable 'Local_SWReadVal1'
Finished building: ../main.c
 
Building target: SW_Driver.elf
Invoking: AVR C Linker
avr-gcc -Wl,-Map,SW_Driver.map -mmcu=atmega32 -o "SW_Driver.elf"  ./DIO_prog.o ./SWI_prog.o ./main.o   
Finished building target: SW_Driver.elf
 
Invoking: AVR Create Extended Listing
avr-objdump -h -S SW_Driver.elf  >"SW_Driver.lss"
Finished building: SW_Driver.lss
 
Create Flash image (ihex format)
avr-objcopy -R .eeprom -R .fuse -R .lock -R .signature -O ihex SW_Driver.elf  "SW_Driver.hex"
Finished building: SW_Driver.hex
 
Invoking: Print Size
avr-size --format=avr --mcu=atmega32 SW_Driver.elf
AVR Memory Usage
----------------
Device: atmega32

Program:    2128 bytes (6.5% Full)
(.text + .data + .bootloader)

Data:          3 bytes (0.1% Full)
(.data + .bss + .noinit)


Finished building: sizedummy
 

20:22:55 Build Finished (took 1s.867ms)

