19:43:34 **** Incremental Build of configuration Debug for project TrafficLight ****
make all 
Building file: ../delay.c
Invoking: AVR Compiler
avr-gcc -Wall -g2 -gstabs -O0 -fpack-struct -fshort-enums -ffunction-sections -fdata-sections -std=gnu99 -funsigned-char -funsigned-bitfields -mmcu=atmega32 -DF_CPU=8000000UL -MMD -MP -MF"delay.d" -MT"delay.o" -c -o "delay.o" "../delay.c"
Finished building: ../delay.c
 
Building file: ../main.c
Invoking: AVR Compiler
avr-gcc -Wall -g2 -gstabs -O0 -fpack-struct -fshort-enums -ffunction-sections -fdata-sections -std=gnu99 -funsigned-char -funsigned-bitfields -mmcu=atmega32 -DF_CPU=8000000UL -MMD -MP -MF"main.d" -MT"main.o" -c -o "main.o" "../main.c"
In file included from ../main.c:8:
../ATmega32_Regsiters.h:25:1: warning: "PIND" redefined
../ATmega32_Regsiters.h:21:1: warning: this is the location of the previous definition
Finished building: ../main.c
 
Building target: TrafficLight.elf
Invoking: AVR C Linker
avr-gcc -Wl,-Map,TrafficLight.map -mmcu=atmega32 -o "TrafficLight.elf"  ./delay.o ./main.o   
Finished building target: TrafficLight.elf
 
Invoking: AVR Create Extended Listing
avr-objdump -h -S TrafficLight.elf  >"TrafficLight.lss"
Finished building: TrafficLight.lss
 
Invoking: Print Size
avr-size --format=avr --mcu=atmega32 TrafficLight.elf
AVR Memory Usage
----------------
Device: atmega32

Program:    3798 bytes (11.6% Full)
(.text + .data + .bootloader)

Data:        274 bytes (13.4% Full)
(.data + .bss + .noinit)


Finished building: sizedummy
 

19:43:40 Build Finished (took 6s.96ms)

